{"/Users/tylerfischer/Projects/golden-calf/backend/src/deso.ts": {"path":"/Users/tylerfischer/Projects/golden-calf/backend/src/deso.ts","statementMap":{"0":{"start":{"line":5,"column":0},"end":{"line":5,"column":16}},"1":{"start":{"line":7,"column":16},"end":{"line":7,"column":40}},"2":{"start":{"line":8,"column":16},"end":{"line":8,"column":36}},"3":{"start":{"line":9,"column":15},"end":{"line":9,"column":58}},"4":{"start":{"line":14,"column":25},"end":{"line":14,"column":56}},"5":{"start":{"line":16,"column":26},"end":{"line":38,"column":1}},"6":{"start":{"line":17,"column":30},"end":{"line":17,"column":43}},"7":{"start":{"line":18,"column":29},"end":{"line":18,"column":32}},"8":{"start":{"line":19,"column":15},"end":{"line":36,"column":4}},"9":{"start":{"line":35,"column":4},"end":{"line":35,"column":47}},"10":{"start":{"line":37,"column":2},"end":{"line":37,"column":null}},"11":{"start":{"line":40,"column":31},"end":{"line":42,"column":1}},"12":{"start":{"line":41,"column":2},"end":{"line":41,"column":null}},"13":{"start":{"line":44,"column":33},"end":{"line":50,"column":1}},"14":{"start":{"line":45,"column":2},"end":{"line":45,"column":null}},"15":{"start":{"line":46,"column":30},"end":{"line":46,"column":50}},"16":{"start":{"line":47,"column":2},"end":{"line":49,"column":null}},"17":{"start":{"line":48,"column":4},"end":{"line":48,"column":54}},"18":{"start":{"line":52,"column":30},"end":{"line":58,"column":1}},"19":{"start":{"line":53,"column":2},"end":{"line":57,"column":5}},"20":{"start":{"line":54,"column":4},"end":{"line":56,"column":23}},"21":{"start":{"line":55,"column":6},"end":{"line":55,"column":48}},"22":{"start":{"line":60,"column":30},"end":{"line":67,"column":1}},"23":{"start":{"line":61,"column":14},"end":{"line":61,"column":93}},"24":{"start":{"line":62,"column":15},"end":{"line":65,"column":4}},"25":{"start":{"line":63,"column":35},"end":{"line":63,"column":70}},"26":{"start":{"line":64,"column":4},"end":{"line":64,"column":null}},"27":{"start":{"line":66,"column":2},"end":{"line":66,"column":null}},"28":{"start":{"line":69,"column":33},"end":{"line":78,"column":1}},"29":{"start":{"line":70,"column":22},"end":{"line":70,"column":44}},"30":{"start":{"line":71,"column":2},"end":{"line":77,"column":null}},"31":{"start":{"line":77,"column":40},"end":{"line":77,"column":85}}},"fnMap":{"0":{"name":"(anonymous_0)","decl":{"start":{"line":16,"column":26},"end":{"line":16,"column":27}},"loc":{"start":{"line":16,"column":120},"end":{"line":38,"column":1}}},"1":{"name":"(anonymous_1)","decl":{"start":{"line":34,"column":10},"end":{"line":34,"column":13}},"loc":{"start":{"line":34,"column":16},"end":{"line":36,"column":3}}},"2":{"name":"(anonymous_2)","decl":{"start":{"line":40,"column":31},"end":{"line":40,"column":36}},"loc":{"start":{"line":40,"column":85},"end":{"line":42,"column":1}}},"3":{"name":"(anonymous_3)","decl":{"start":{"line":44,"column":33},"end":{"line":44,"column":34}},"loc":{"start":{"line":44,"column":101},"end":{"line":50,"column":1}}},"4":{"name":"(anonymous_4)","decl":{"start":{"line":47,"column":85},"end":{"line":47,"column":88}},"loc":{"start":{"line":47,"column":91},"end":{"line":49,"column":3}}},"5":{"name":"(anonymous_5)","decl":{"start":{"line":52,"column":30},"end":{"line":52,"column":31}},"loc":{"start":{"line":52,"column":50},"end":{"line":58,"column":1}}},"6":{"name":"(anonymous_6)","decl":{"start":{"line":53,"column":21},"end":{"line":53,"column":22}},"loc":{"start":{"line":53,"column":33},"end":{"line":57,"column":3}}},"7":{"name":"(anonymous_7)","decl":{"start":{"line":54,"column":15},"end":{"line":54,"column":18}},"loc":{"start":{"line":54,"column":20},"end":{"line":56,"column":5}}},"8":{"name":"(anonymous_8)","decl":{"start":{"line":60,"column":30},"end":{"line":60,"column":35}},"loc":{"start":{"line":60,"column":41},"end":{"line":67,"column":1}}},"9":{"name":"(anonymous_9)","decl":{"start":{"line":62,"column":30},"end":{"line":62,"column":31}},"loc":{"start":{"line":62,"column":34},"end":{"line":65,"column":3}}},"10":{"name":"(anonymous_10)","decl":{"start":{"line":69,"column":33},"end":{"line":69,"column":38}},"loc":{"start":{"line":69,"column":44},"end":{"line":78,"column":1}}},"11":{"name":"(anonymous_11)","decl":{"start":{"line":77,"column":34},"end":{"line":77,"column":37}},"loc":{"start":{"line":77,"column":40},"end":{"line":77,"column":85}}}},"branchMap":{},"s":{"0":0,"1":0,"2":0,"3":0,"4":0,"5":0,"6":0,"7":0,"8":0,"9":0,"10":0,"11":0,"12":0,"13":0,"14":0,"15":0,"16":0,"17":0,"18":0,"19":0,"20":0,"21":0,"22":0,"23":0,"24":0,"25":0,"26":0,"27":0,"28":0,"29":0,"30":0,"31":0},"f":{"0":0,"1":0,"2":0,"3":0,"4":0,"5":0,"6":0,"7":0,"8":0,"9":0,"10":0,"11":0},"b":{}}
,"/Users/tylerfischer/Projects/golden-calf/backend/src/game.ts": {"path":"/Users/tylerfischer/Projects/golden-calf/backend/src/game.ts","statementMap":{"0":{"start":{"line":4,"column":27},"end":{"line":6,"column":1}},"1":{"start":{"line":5,"column":2},"end":{"line":5,"column":null}},"2":{"start":{"line":8,"column":28},"end":{"line":31,"column":1}},"3":{"start":{"line":9,"column":50},"end":{"line":9,"column":176}},"4":{"start":{"line":10,"column":18},"end":{"line":29,"column":82}},"5":{"start":{"line":15,"column":4},"end":{"line":26,"column":null}},"6":{"start":{"line":16,"column":61},"end":{"line":18,"column":null}},"7":{"start":{"line":19,"column":6},"end":{"line":25,"column":null}},"8":{"start":{"line":28,"column":4},"end":{"line":28,"column":null}},"9":{"start":{"line":29,"column":26},"end":{"line":29,"column":80}},"10":{"start":{"line":30,"column":2},"end":{"line":30,"column":null}},"11":{"start":{"line":34,"column":25},"end":{"line":55,"column":1}},"12":{"start":{"line":36,"column":25},"end":{"line":36,"column":96}},"13":{"start":{"line":38,"column":63},"end":{"line":42,"column":null}},"14":{"start":{"line":43,"column":2},"end":{"line":47,"column":null}},"15":{"start":{"line":57,"column":34},"end":{"line":61,"column":1}},"16":{"start":{"line":58,"column":2},"end":{"line":58,"column":null}}},"fnMap":{"0":{"name":"(anonymous_0)","decl":{"start":{"line":4,"column":27},"end":{"line":4,"column":32}},"loc":{"start":{"line":4,"column":120},"end":{"line":6,"column":1}}},"1":{"name":"(anonymous_1)","decl":{"start":{"line":8,"column":28},"end":{"line":8,"column":33}},"loc":{"start":{"line":8,"column":81},"end":{"line":31,"column":1}}},"2":{"name":"(anonymous_2)","decl":{"start":{"line":13,"column":56},"end":{"line":13,"column":57}},"loc":{"start":{"line":13,"column":62},"end":{"line":27,"column":3}}},"3":{"name":"(anonymous_3)","decl":{"start":{"line":15,"column":40},"end":{"line":15,"column":41}},"loc":{"start":{"line":15,"column":55},"end":{"line":26,"column":5}}},"4":{"name":"(anonymous_4)","decl":{"start":{"line":27,"column":10},"end":{"line":27,"column":13}},"loc":{"start":{"line":27,"column":16},"end":{"line":29,"column":3}}},"5":{"name":"(anonymous_5)","decl":{"start":{"line":29,"column":10},"end":{"line":29,"column":20}},"loc":{"start":{"line":29,"column":23},"end":{"line":29,"column":81}}},"6":{"name":"(anonymous_6)","decl":{"start":{"line":34,"column":25},"end":{"line":34,"column":30}},"loc":{"start":{"line":34,"column":96},"end":{"line":55,"column":1}}},"7":{"name":"(anonymous_7)","decl":{"start":{"line":57,"column":34},"end":{"line":57,"column":39}},"loc":{"start":{"line":57,"column":64},"end":{"line":61,"column":1}}}},"branchMap":{"0":{"loc":{"start":{"line":34,"column":80},"end":{"line":34,"column":92}},"type":"default-arg","locations":[{"start":{"line":34,"column":87},"end":{"line":34,"column":92}}]},"1":{"loc":{"start":{"line":36,"column":25},"end":{"line":36,"column":96}},"type":"cond-expr","locations":[{"start":{"line":36,"column":32},"end":{"line":36,"column":35}},{"start":{"line":36,"column":38},"end":{"line":36,"column":96}}]}},"s":{"0":0,"1":0,"2":0,"3":0,"4":0,"5":0,"6":0,"7":0,"8":0,"9":0,"10":0,"11":0,"12":0,"13":0,"14":0,"15":0,"16":0},"f":{"0":0,"1":0,"2":0,"3":0,"4":0,"5":0,"6":0,"7":0},"b":{"0":[0],"1":[0,0]}}
,"/Users/tylerfischer/Projects/golden-calf/backend/src/graphQl.ts": {"path":"/Users/tylerfischer/Projects/golden-calf/backend/src/graphQl.ts","statementMap":{"0":{"start":{"line":4,"column":23},"end":{"line":7,"column":1}},"1":{"start":{"line":5,"column":26},"end":{"line":5,"column":65}},"2":{"start":{"line":6,"column":2},"end":{"line":6,"column":null}},"3":{"start":{"line":8,"column":24},"end":{"line":16,"column":1}},"4":{"start":{"line":9,"column":18},"end":{"line":14,"column":null}},"5":{"start":{"line":15,"column":2},"end":{"line":15,"column":null}}},"fnMap":{"0":{"name":"(anonymous_0)","decl":{"start":{"line":4,"column":23},"end":{"line":4,"column":24}},"loc":{"start":{"line":4,"column":35},"end":{"line":7,"column":1}}},"1":{"name":"(anonymous_1)","decl":{"start":{"line":8,"column":24},"end":{"line":8,"column":25}},"loc":{"start":{"line":8,"column":55},"end":{"line":16,"column":1}}}},"branchMap":{},"s":{"0":0,"1":0,"2":0,"3":0,"4":0,"5":0},"f":{"0":0,"1":0},"b":{}}
,"/Users/tylerfischer/Projects/golden-calf/backend/src/index.ts": {"path":"/Users/tylerfischer/Projects/golden-calf/backend/src/index.ts","statementMap":{"0":{"start":{"line":11,"column":12},"end":{"line":11,"column":21}},"1":{"start":{"line":12,"column":13},"end":{"line":12,"column":17}},"2":{"start":{"line":13,"column":0},"end":{"line":13,"column":52}},"3":{"start":{"line":14,"column":0},"end":{"line":14,"column":null}},"4":{"start":{"line":15,"column":0},"end":{"line":15,"column":16}},"5":{"start":{"line":19,"column":0},"end":{"line":22,"column":3}},"6":{"start":{"line":20,"column":27},"end":{"line":20,"column":71}},"7":{"start":{"line":21,"column":2},"end":{"line":21,"column":null}},"8":{"start":{"line":21,"column":32},"end":{"line":21,"column":null}},"9":{"start":{"line":25,"column":0},"end":{"line":28,"column":3}},"10":{"start":{"line":26,"column":27},"end":{"line":26,"column":223}},"11":{"start":{"line":27,"column":2},"end":{"line":27,"column":null}},"12":{"start":{"line":27,"column":32},"end":{"line":27,"column":null}},"13":{"start":{"line":31,"column":0},"end":{"line":33,"column":3}},"14":{"start":{"line":32,"column":2},"end":{"line":32,"column":null}},"15":{"start":{"line":35,"column":0},"end":{"line":37,"column":3}},"16":{"start":{"line":36,"column":2},"end":{"line":36,"column":null}},"17":{"start":{"line":40,"column":29},"end":{"line":47,"column":1}},"18":{"start":{"line":41,"column":2},"end":{"line":41,"column":null}},"19":{"start":{"line":42,"column":14},"end":{"line":42,"column":60}},"20":{"start":{"line":44,"column":2},"end":{"line":44,"column":null}},"21":{"start":{"line":45,"column":2},"end":{"line":45,"column":null}},"22":{"start":{"line":49,"column":32},"end":{"line":55,"column":1}},"23":{"start":{"line":51,"column":14},"end":{"line":51,"column":143}},"24":{"start":{"line":51,"column":133},"end":{"line":51,"column":142}},"25":{"start":{"line":53,"column":2},"end":{"line":53,"column":null}}},"fnMap":{"0":{"name":"(anonymous_0)","decl":{"start":{"line":19,"column":41},"end":{"line":19,"column":50}},"loc":{"start":{"line":19,"column":83},"end":{"line":22,"column":1}}},"1":{"name":"(anonymous_1)","decl":{"start":{"line":25,"column":38},"end":{"line":25,"column":47}},"loc":{"start":{"line":25,"column":75},"end":{"line":28,"column":1}}},"2":{"name":"(anonymous_2)","decl":{"start":{"line":31,"column":36},"end":{"line":31,"column":45}},"loc":{"start":{"line":31,"column":99},"end":{"line":33,"column":1}}},"3":{"name":"(anonymous_3)","decl":{"start":{"line":35,"column":17},"end":{"line":35,"column":22}},"loc":{"start":{"line":35,"column":28},"end":{"line":37,"column":1}}},"4":{"name":"(anonymous_4)","decl":{"start":{"line":40,"column":29},"end":{"line":40,"column":34}},"loc":{"start":{"line":40,"column":40},"end":{"line":47,"column":1}}},"5":{"name":"(anonymous_5)","decl":{"start":{"line":49,"column":32},"end":{"line":49,"column":37}},"loc":{"start":{"line":49,"column":43},"end":{"line":55,"column":1}}},"6":{"name":"(anonymous_6)","decl":{"start":{"line":51,"column":128},"end":{"line":51,"column":129}},"loc":{"start":{"line":51,"column":133},"end":{"line":51,"column":142}}}},"branchMap":{"0":{"loc":{"start":{"line":21,"column":2},"end":{"line":21,"column":null}},"type":"if","locations":[{"start":{"line":21,"column":2},"end":{"line":21,"column":null}}]},"1":{"loc":{"start":{"line":27,"column":2},"end":{"line":27,"column":null}},"type":"if","locations":[{"start":{"line":27,"column":2},"end":{"line":27,"column":null}}]}},"s":{"0":0,"1":0,"2":0,"3":0,"4":0,"5":0,"6":0,"7":0,"8":0,"9":0,"10":0,"11":0,"12":0,"13":0,"14":0,"15":0,"16":0,"17":0,"18":0,"19":0,"20":0,"21":0,"22":0,"23":0,"24":0,"25":0},"f":{"0":0,"1":0,"2":0,"3":0,"4":0,"5":0,"6":0},"b":{"0":[0],"1":[0]}}
}
